This file contains any messages produced by compilers while
running configure, to aid debugging if configure makes a mistake.

It was created by FULL-PACKAGE-NAME configure VERSION, which was
generated by GNU Autoconf 2.61.  Invocation command line was

  $ ./configure --bindir=/www/sites/imagewiki/sift/bin --libdir=/www/sites/imagewiki/sift/lib

## --------- ##
## Platform. ##
## --------- ##

hostname = placedb.org
uname -m = amd64
uname -r = 6.3-RELEASE
uname -s = FreeBSD
uname -v = FreeBSD 6.3-RELEASE #0: Wed Jan 16 01:43:02 UTC 2008     root@palmer.cse.buffalo.edu:/usr/obj/usr/src/sys/SMP 

/usr/bin/uname -p = amd64
/bin/uname -X     = unknown

/bin/arch              = unknown
/usr/bin/arch -k       = unknown
/usr/convex/getsysinfo = unknown
/usr/bin/hostinfo      = unknown
/bin/machine           = unknown
/usr/bin/oslevel       = unknown
/bin/universe          = unknown

PATH: /sbin
PATH: /bin
PATH: /usr/sbin
PATH: /usr/bin
PATH: /usr/games
PATH: /usr/local/sbin
PATH: /usr/local/bin
PATH: /usr/X11R6/bin
PATH: /home/wiseman/bin


## ----------- ##
## Core tests. ##
## ----------- ##

configure:1979: checking for a BSD-compatible install
configure:2035: result: /usr/bin/install -c
configure:2046: checking whether build environment is sane
configure:2089: result: yes
configure:2117: checking for a thread-safe mkdir -p
configure:2156: result: ./install-sh -c -d
configure:2169: checking for gawk
configure:2185: found /usr/local/bin/gawk
configure:2196: result: gawk
configure:2207: checking whether make sets $(MAKE)
configure:2228: result: yes
configure:2498: checking build system type
configure:2516: result: x86_64-unknown-freebsd6.3
configure:2538: checking host system type
configure:2553: result: x86_64-unknown-freebsd6.3
configure:2587: checking for style of include used by make
configure:2615: result: GNU
configure:2685: checking for gcc
configure:2701: found /usr/bin/gcc
configure:2712: result: gcc
configure:2950: checking for C compiler version
configure:2957: gcc --version >&5
gcc (GCC) 3.4.6 [FreeBSD] 20060305
Copyright (C) 2006 Free Software Foundation, Inc.
This is free software; see the source for copying conditions.  There is NO
warranty; not even for MERCHANTABILITY or FITNESS FOR A PARTICULAR PURPOSE.

configure:2960: $? = 0
configure:2967: gcc -v >&5
Using built-in specs.
Configured with: FreeBSD/amd64 system compiler
Thread model: posix
gcc version 3.4.6 [FreeBSD] 20060305
configure:2970: $? = 0
configure:2977: gcc -V >&5
gcc: `-V' option must have argument
configure:2980: $? = 1
configure:3003: checking for C compiler default output file name
configure:3030: gcc    conftest.c  >&5
configure:3033: $? = 0
configure:3071: result: a.out
configure:3088: checking whether the C compiler works
configure:3098: ./a.out
configure:3101: $? = 0
configure:3118: result: yes
configure:3125: checking whether we are cross compiling
configure:3127: result: no
configure:3130: checking for suffix of executables
configure:3137: gcc -o conftest    conftest.c  >&5
configure:3140: $? = 0
configure:3164: result: 
configure:3170: checking for suffix of object files
configure:3196: gcc -c   conftest.c >&5
configure:3199: $? = 0
configure:3222: result: o
configure:3226: checking whether we are using the GNU C compiler
configure:3255: gcc -c   conftest.c >&5
configure:3261: $? = 0
configure:3278: result: yes
configure:3283: checking whether gcc accepts -g
configure:3313: gcc -c -g  conftest.c >&5
configure:3319: $? = 0
configure:3418: result: yes
configure:3435: checking for gcc option to accept ISO C89
configure:3509: gcc  -c -g -O2  conftest.c >&5
configure:3515: $? = 0
configure:3538: result: none needed
configure:3558: checking dependency style of gcc
configure:3649: result: gcc3
configure:3664: checking for a sed that does not truncate output
configure:3718: result: /usr/bin/sed
configure:3721: checking for grep that handles long lines and -e
configure:3795: result: /usr/bin/grep
configure:3800: checking for egrep
configure:3878: result: /usr/bin/grep -E
configure:3894: checking for ld used by gcc
configure:3961: result: /usr/bin/ld
configure:3970: checking if the linker (/usr/bin/ld) is GNU ld
configure:3985: result: yes
configure:3990: checking for /usr/bin/ld option to reload object files
configure:3997: result: -r
configure:4015: checking for BSD-compatible nm
configure:4064: result: /usr/bin/nm -B
configure:4068: checking whether ln -s works
configure:4072: result: yes
configure:4079: checking how to recognise dependent libraries
configure:4255: result: pass_all
configure:4489: checking how to run the C preprocessor
configure:4529: gcc -E  conftest.c
configure:4535: $? = 0
configure:4566: gcc -E  conftest.c
conftest.c:10:28: ac_nonexistent.h: No such file or directory
configure:4572: $? = 1
configure: failed program was:
| /* confdefs.h.  */
| #define PACKAGE_NAME "FULL-PACKAGE-NAME"
| #define PACKAGE_TARNAME "full-package-name"
| #define PACKAGE_VERSION "VERSION"
| #define PACKAGE_STRING "FULL-PACKAGE-NAME VERSION"
| #define PACKAGE_BUGREPORT "BUG-REPORT-ADDRESS"
| #define PACKAGE "sift"
| #define VERSION "1.0"
| /* end confdefs.h.  */
| #include <ac_nonexistent.h>
configure:4605: result: gcc -E
configure:4634: gcc -E  conftest.c
configure:4640: $? = 0
configure:4671: gcc -E  conftest.c
conftest.c:10:28: ac_nonexistent.h: No such file or directory
configure:4677: $? = 1
configure: failed program was:
| /* confdefs.h.  */
| #define PACKAGE_NAME "FULL-PACKAGE-NAME"
| #define PACKAGE_TARNAME "full-package-name"
| #define PACKAGE_VERSION "VERSION"
| #define PACKAGE_STRING "FULL-PACKAGE-NAME VERSION"
| #define PACKAGE_BUGREPORT "BUG-REPORT-ADDRESS"
| #define PACKAGE "sift"
| #define VERSION "1.0"
| /* end confdefs.h.  */
| #include <ac_nonexistent.h>
configure:4715: checking for ANSI C header files
configure:4745: gcc -c -g -O2  conftest.c >&5
configure:4751: $? = 0
configure:4850: gcc -o conftest -g -O2   conftest.c  >&5
configure:4853: $? = 0
configure:4859: ./conftest
configure:4862: $? = 0
configure:4879: result: yes
configure:4903: checking for sys/types.h
configure:4924: gcc -c -g -O2  conftest.c >&5
configure:4930: $? = 0
configure:4946: result: yes
configure:4903: checking for sys/stat.h
configure:4924: gcc -c -g -O2  conftest.c >&5
configure:4930: $? = 0
configure:4946: result: yes
configure:4903: checking for stdlib.h
configure:4924: gcc -c -g -O2  conftest.c >&5
configure:4930: $? = 0
configure:4946: result: yes
configure:4903: checking for string.h
configure:4924: gcc -c -g -O2  conftest.c >&5
configure:4930: $? = 0
configure:4946: result: yes
configure:4903: checking for memory.h
configure:4924: gcc -c -g -O2  conftest.c >&5
configure:4930: $? = 0
configure:4946: result: yes
configure:4903: checking for strings.h
configure:4924: gcc -c -g -O2  conftest.c >&5
configure:4930: $? = 0
configure:4946: result: yes
configure:4903: checking for inttypes.h
configure:4924: gcc -c -g -O2  conftest.c >&5
configure:4930: $? = 0
configure:4946: result: yes
configure:4903: checking for stdint.h
configure:4924: gcc -c -g -O2  conftest.c >&5
configure:4930: $? = 0
configure:4946: result: yes
configure:4903: checking for unistd.h
configure:4924: gcc -c -g -O2  conftest.c >&5
configure:4930: $? = 0
configure:4946: result: yes
configure:4973: checking dlfcn.h usability
configure:4990: gcc -c -g -O2  conftest.c >&5
configure:4996: $? = 0
configure:5010: result: yes
configure:5014: checking dlfcn.h presence
configure:5029: gcc -E  conftest.c
configure:5035: $? = 0
configure:5049: result: yes
configure:5082: checking for dlfcn.h
configure:5090: result: yes
configure:5161: checking for g++
configure:5177: found /usr/bin/g++
configure:5188: result: g++
configure:5219: checking for C++ compiler version
configure:5226: g++ --version >&5
g++ (GCC) 3.4.6 [FreeBSD] 20060305
Copyright (C) 2006 Free Software Foundation, Inc.
This is free software; see the source for copying conditions.  There is NO
warranty; not even for MERCHANTABILITY or FITNESS FOR A PARTICULAR PURPOSE.

configure:5229: $? = 0
configure:5236: g++ -v >&5
Using built-in specs.
Configured with: FreeBSD/amd64 system compiler
Thread model: posix
gcc version 3.4.6 [FreeBSD] 20060305
configure:5239: $? = 0
configure:5246: g++ -V >&5
g++: `-V' option must have argument
configure:5249: $? = 1
configure:5252: checking whether we are using the GNU C++ compiler
configure:5281: g++ -c   conftest.cpp >&5
configure:5287: $? = 0
configure:5304: result: yes
configure:5309: checking whether g++ accepts -g
configure:5339: g++ -c -g  conftest.cpp >&5
configure:5345: $? = 0
configure:5444: result: yes
configure:5469: checking dependency style of g++
configure:5560: result: gcc3
configure:5585: checking how to run the C++ preprocessor
configure:5621: g++ -E  conftest.cpp
configure:5627: $? = 0
configure:5658: g++ -E  conftest.cpp
conftest.cpp:21:28: ac_nonexistent.h: No such file or directory
configure:5664: $? = 1
configure: failed program was:
| /* confdefs.h.  */
| #define PACKAGE_NAME "FULL-PACKAGE-NAME"
| #define PACKAGE_TARNAME "full-package-name"
| #define PACKAGE_VERSION "VERSION"
| #define PACKAGE_STRING "FULL-PACKAGE-NAME VERSION"
| #define PACKAGE_BUGREPORT "BUG-REPORT-ADDRESS"
| #define PACKAGE "sift"
| #define VERSION "1.0"
| #define STDC_HEADERS 1
| #define HAVE_SYS_TYPES_H 1
| #define HAVE_SYS_STAT_H 1
| #define HAVE_STDLIB_H 1
| #define HAVE_STRING_H 1
| #define HAVE_MEMORY_H 1
| #define HAVE_STRINGS_H 1
| #define HAVE_INTTYPES_H 1
| #define HAVE_STDINT_H 1
| #define HAVE_UNISTD_H 1
| #define HAVE_DLFCN_H 1
| /* end confdefs.h.  */
| #include <ac_nonexistent.h>
configure:5697: result: g++ -E
configure:5726: g++ -E  conftest.cpp
configure:5732: $? = 0
configure:5763: g++ -E  conftest.cpp
conftest.cpp:21:28: ac_nonexistent.h: No such file or directory
configure:5769: $? = 1
configure: failed program was:
| /* confdefs.h.  */
| #define PACKAGE_NAME "FULL-PACKAGE-NAME"
| #define PACKAGE_TARNAME "full-package-name"
| #define PACKAGE_VERSION "VERSION"
| #define PACKAGE_STRING "FULL-PACKAGE-NAME VERSION"
| #define PACKAGE_BUGREPORT "BUG-REPORT-ADDRESS"
| #define PACKAGE "sift"
| #define VERSION "1.0"
| #define STDC_HEADERS 1
| #define HAVE_SYS_TYPES_H 1
| #define HAVE_SYS_STAT_H 1
| #define HAVE_STDLIB_H 1
| #define HAVE_STRING_H 1
| #define HAVE_MEMORY_H 1
| #define HAVE_STRINGS_H 1
| #define HAVE_INTTYPES_H 1
| #define HAVE_STDINT_H 1
| #define HAVE_UNISTD_H 1
| #define HAVE_DLFCN_H 1
| /* end confdefs.h.  */
| #include <ac_nonexistent.h>
configure:5862: checking for g77
configure:5892: result: no
configure:5862: checking for xlf
configure:5892: result: no
configure:5862: checking for f77
configure:5878: found /usr/bin/f77
configure:5889: result: f77
configure:5919: checking for Fortran 77 compiler version
configure:5926: f77 --version >&5
GNU Fortran (GCC) 3.4.6 [FreeBSD] 20060305
Copyright (C) 2006 Free Software Foundation, Inc.

GNU Fortran comes with NO WARRANTY, to the extent permitted by law.
You may redistribute copies of GNU Fortran
under the terms of the GNU General Public License.
For more information about these matters, see the file named COPYING
or type the command `info -f g77 Copying'.
configure:5929: $? = 0
configure:5936: f77 -v >&5
Using built-in specs.
Configured with: FreeBSD/amd64 system compiler
Thread model: posix
gcc version 3.4.6 [FreeBSD] 20060305
configure:5939: $? = 0
configure:5946: f77 -V >&5
f77: `-V' option must have argument
configure:5949: $? = 1
configure:5957: checking whether we are using the GNU Fortran 77 compiler
configure:5976: f77 -c  conftest.F >&5
configure:5982: $? = 0
configure:5999: result: yes
configure:6005: checking whether f77 accepts -g
configure:6022: f77 -c -g conftest.f >&5
configure:6028: $? = 0
configure:6044: result: yes
configure:6074: checking the maximum length of command line arguments
configure:6183: result: 196608
configure:6194: checking command to parse /usr/bin/nm -B output from gcc object
configure:6299: gcc -c -g -O2  conftest.c >&5
configure:6302: $? = 0
configure:6306: /usr/bin/nm -B conftest.o \| sed -n -e 's/^.*[ 	]\([ABCDGIRSTW][ABCDGIRSTW]*\)[ 	][ 	]*\([_A-Za-z][_A-Za-z0-9]*\)$/\1 \2 \2/p' \> conftest.nm
configure:6309: $? = 0
configure:6361: gcc -o conftest -g -O2   conftest.c conftstm.o >&5
configure:6364: $? = 0
configure:6402: result: ok
configure:6406: checking for objdir
configure:6421: result: .libs
configure:6513: checking for ar
configure:6529: found /usr/bin/ar
configure:6540: result: ar
configure:6609: checking for ranlib
configure:6625: found /usr/bin/ranlib
configure:6636: result: ranlib
configure:6705: checking for strip
configure:6721: found /usr/bin/strip
configure:6732: result: strip
configure:7018: checking if gcc supports -fno-rtti -fno-exceptions
configure:7036: gcc -c -g -O2  -fno-rtti -fno-exceptions conftest.c >&5
cc1: warning: command line option "-fno-rtti" is valid for C++/ObjC++ but not for C
configure:7040: $? = 0
configure:7053: result: no
configure:7068: checking for gcc option to produce PIC
configure:7278: result: -fPIC
configure:7286: checking if gcc PIC flag -fPIC works
configure:7304: gcc -c -g -O2  -fPIC -DPIC conftest.c >&5
configure:7308: $? = 0
configure:7321: result: yes
configure:7349: checking if gcc static flag -static works
configure:7377: result: yes
configure:7387: checking if gcc supports -c -o file.o
configure:7408: gcc -c -g -O2  -o out/conftest2.o conftest.c >&5
configure:7412: $? = 0
configure:7434: result: yes
configure:7460: checking whether the gcc linker (/usr/bin/ld) supports shared libraries
configure:8414: result: yes
configure:8435: checking whether -lc should be explicitly linked in
configure:8440: gcc -c -g -O2  conftest.c >&5
configure:8443: $? = 0
configure:8458: gcc -shared conftest.o  -v -Wl,-soname -Wl,conftest -o conftest 2\>\&1 \| grep  -lc  \>/dev/null 2\>\&1
configure:8461: $? = 1
configure:8473: result: yes
configure:8481: checking dynamic linker characteristics
configure:9069: result: freebsd6.3 ld.so
configure:9078: checking how to hardcode library paths into programs
configure:9103: result: immediate
configure:9117: checking whether stripping libraries is possible
configure:9122: result: yes
configure:9923: checking if libtool supports shared libraries
configure:9925: result: yes
configure:9928: checking whether to build shared libraries
configure:9949: result: yes
configure:9952: checking whether to build static libraries
configure:9956: result: yes
configure:10048: creating libtool
configure:10636: checking for ld used by g++
configure:10703: result: /usr/bin/ld
configure:10712: checking if the linker (/usr/bin/ld) is GNU ld
configure:10727: result: yes
configure:10778: checking whether the g++ linker (/usr/bin/ld) supports shared libraries
configure:11712: result: yes
configure:11730: g++ -c -g -O2  conftest.cpp >&5
configure:11733: $? = 0
configure:11852: checking for g++ option to produce PIC
configure:12126: result: -fPIC
configure:12134: checking if g++ PIC flag -fPIC works
configure:12152: g++ -c -g -O2  -fPIC -DPIC conftest.cpp >&5
configure:12156: $? = 0
configure:12169: result: yes
configure:12197: checking if g++ static flag -static works
configure:12225: result: yes
configure:12235: checking if g++ supports -c -o file.o
configure:12256: g++ -c -g -O2  -o out/conftest2.o conftest.cpp >&5
configure:12260: $? = 0
configure:12282: result: yes
configure:12308: checking whether the g++ linker (/usr/bin/ld) supports shared libraries
configure:12333: result: yes
configure:12400: checking dynamic linker characteristics
configure:12988: result: freebsd6.3 ld.so
configure:12997: checking how to hardcode library paths into programs
configure:13022: result: immediate
configure:13548: checking if libtool supports shared libraries
configure:13550: result: yes
configure:13553: checking whether to build shared libraries
configure:13573: result: yes
configure:13576: checking whether to build static libraries
configure:13580: result: yes
configure:13590: checking for f77 option to produce PIC
configure:13800: result: -fPIC
configure:13808: checking if f77 PIC flag -fPIC works
configure:13826: f77 -c -g -O2 -fPIC conftest.f >&5
configure:13830: $? = 0
configure:13843: result: yes
configure:13871: checking if f77 static flag -static works
configure:13899: result: yes
configure:13909: checking if f77 supports -c -o file.o
configure:13930: f77 -c -g -O2 -o out/conftest2.o conftest.f >&5
configure:13934: $? = 0
configure:13956: result: yes
configure:13982: checking whether the f77 linker (/usr/bin/ld) supports shared libraries
configure:14916: result: yes
configure:14983: checking dynamic linker characteristics
configure:15571: result: freebsd6.3 ld.so
configure:15580: checking how to hardcode library paths into programs
configure:15605: result: immediate
configure:19280: checking for C++ compiler version
configure:19287: g++ --version >&5
g++ (GCC) 3.4.6 [FreeBSD] 20060305
Copyright (C) 2006 Free Software Foundation, Inc.
This is free software; see the source for copying conditions.  There is NO
warranty; not even for MERCHANTABILITY or FITNESS FOR A PARTICULAR PURPOSE.

configure:19290: $? = 0
configure:19297: g++ -v >&5
Using built-in specs.
Configured with: FreeBSD/amd64 system compiler
Thread model: posix
gcc version 3.4.6 [FreeBSD] 20060305
configure:19300: $? = 0
configure:19307: g++ -V >&5
g++: `-V' option must have argument
configure:19310: $? = 1
configure:19313: checking whether we are using the GNU C++ compiler
configure:19365: result: yes
configure:19370: checking whether g++ accepts -g
configure:19505: result: yes
configure:19530: checking dependency style of g++
configure:19621: result: gcc3
configure:19684: checking for gcc
configure:19711: result: gcc
configure:19949: checking for C compiler version
configure:19956: gcc --version >&5
gcc (GCC) 3.4.6 [FreeBSD] 20060305
Copyright (C) 2006 Free Software Foundation, Inc.
This is free software; see the source for copying conditions.  There is NO
warranty; not even for MERCHANTABILITY or FITNESS FOR A PARTICULAR PURPOSE.

configure:19959: $? = 0
configure:19966: gcc -v >&5
Using built-in specs.
Configured with: FreeBSD/amd64 system compiler
Thread model: posix
gcc version 3.4.6 [FreeBSD] 20060305
configure:19969: $? = 0
configure:19976: gcc -V >&5
gcc: `-V' option must have argument
configure:19979: $? = 1
configure:19982: checking whether we are using the GNU C compiler
configure:20034: result: yes
configure:20039: checking whether gcc accepts -g
configure:20174: result: yes
configure:20191: checking for gcc option to accept ISO C89
configure:20294: result: none needed
configure:20314: checking dependency style of gcc
configure:20405: result: gcc3
configure:20463: checking for ranlib
configure:20490: result: ranlib
configure:20520: checking for main in -lsift
configure:20549: gcc -o conftest -g -O2   conftest.c -lsift   >&5
/usr/bin/ld: cannot find -lsift
configure:20555: $? = 1
configure: failed program was:
| /* confdefs.h.  */
| #define PACKAGE_NAME "FULL-PACKAGE-NAME"
| #define PACKAGE_TARNAME "full-package-name"
| #define PACKAGE_VERSION "VERSION"
| #define PACKAGE_STRING "FULL-PACKAGE-NAME VERSION"
| #define PACKAGE_BUGREPORT "BUG-REPORT-ADDRESS"
| #define PACKAGE "sift"
| #define VERSION "1.0"
| #define STDC_HEADERS 1
| #define HAVE_SYS_TYPES_H 1
| #define HAVE_SYS_STAT_H 1
| #define HAVE_STDLIB_H 1
| #define HAVE_STRING_H 1
| #define HAVE_MEMORY_H 1
| #define HAVE_STRINGS_H 1
| #define HAVE_INTTYPES_H 1
| #define HAVE_STDINT_H 1
| #define HAVE_UNISTD_H 1
| #define HAVE_DLFCN_H 1
| /* end confdefs.h.  */
| 
| 
| int
| main ()
| {
| return main ();
|   ;
|   return 0;
| }
configure:20573: result: no
configure:20594: checking for dirent.h that defines DIR
configure:20623: gcc -c -g -O2  conftest.c >&5
configure:20629: $? = 0
configure:20645: result: yes
configure:20658: checking for library containing opendir
configure:20699: gcc -o conftest -g -O2   conftest.c  >&5
configure:20705: $? = 0
configure:20733: result: none required
configure:20827: checking for ANSI C header files
configure:20991: result: yes
configure:21019: checking limits.h usability
configure:21036: gcc -c -g -O2  conftest.c >&5
configure:21042: $? = 0
configure:21056: result: yes
configure:21060: checking limits.h presence
configure:21075: gcc -E  conftest.c
configure:21081: $? = 0
configure:21095: result: yes
configure:21128: checking for limits.h
configure:21136: result: yes
configure:21009: checking for stdlib.h
configure:21015: result: yes
configure:21009: checking for string.h
configure:21015: result: yes
configure:21009: checking for unistd.h
configure:21015: result: yes
configure:21151: checking for stdbool.h that conforms to C99
configure:21244: gcc -c -g -O2  conftest.c >&5
configure:21250: $? = 0
configure:21265: result: yes
configure:21267: checking for _Bool
configure:21297: gcc -c -g -O2  conftest.c >&5
configure:21303: $? = 0
configure:21318: result: yes
configure:21337: checking for an ANSI C-conforming const
configure:21412: gcc -c -g -O2  conftest.c >&5
configure:21418: $? = 0
configure:21433: result: yes
configure:21443: checking for inline
configure:21469: gcc -c -g -O2  conftest.c >&5
configure:21475: $? = 0
configure:21493: result: inline
configure:21519: checking for stdlib.h
configure:21525: result: yes
configure:21659: checking for GNU libc compatible malloc
configure:21693: gcc -o conftest -g -O2   conftest.c  >&5
configure:21696: $? = 0
configure:21702: ./conftest
configure:21705: $? = 0
configure:21721: result: yes
configure:21754: checking for stdlib.h
configure:21760: result: yes
configure:21894: checking for GNU libc compatible realloc
configure:21928: gcc -o conftest -g -O2   conftest.c  >&5
configure:21931: $? = 0
configure:21937: ./conftest
configure:21940: $? = 0
configure:21956: result: yes
configure:21984: checking whether lstat dereferences a symlink specified with a trailing slash
configure:22020: gcc -o conftest -g -O2   conftest.c  >&5
configure:22023: $? = 0
configure:22029: ./conftest
configure:22032: $? = 1
configure: program exited with status 1
configure: failed program was:
| /* confdefs.h.  */
| #define PACKAGE_NAME "FULL-PACKAGE-NAME"
| #define PACKAGE_TARNAME "full-package-name"
| #define PACKAGE_VERSION "VERSION"
| #define PACKAGE_STRING "FULL-PACKAGE-NAME VERSION"
| #define PACKAGE_BUGREPORT "BUG-REPORT-ADDRESS"
| #define PACKAGE "sift"
| #define VERSION "1.0"
| #define STDC_HEADERS 1
| #define HAVE_SYS_TYPES_H 1
| #define HAVE_SYS_STAT_H 1
| #define HAVE_STDLIB_H 1
| #define HAVE_STRING_H 1
| #define HAVE_MEMORY_H 1
| #define HAVE_STRINGS_H 1
| #define HAVE_INTTYPES_H 1
| #define HAVE_STDINT_H 1
| #define HAVE_UNISTD_H 1
| #define HAVE_DLFCN_H 1
| #define HAVE_DIRENT_H 1
| #define STDC_HEADERS 1
| #define HAVE_LIMITS_H 1
| #define HAVE_STDLIB_H 1
| #define HAVE_STRING_H 1
| #define HAVE_UNISTD_H 1
| #define HAVE__BOOL 1
| #define HAVE_STDBOOL_H 1
| #define HAVE_STDLIB_H 1
| #define HAVE_MALLOC 1
| #define HAVE_STDLIB_H 1
| #define HAVE_REALLOC 1
| /* end confdefs.h.  */
| #include <stdio.h>
| #ifdef HAVE_SYS_TYPES_H
| # include <sys/types.h>
| #endif
| #ifdef HAVE_SYS_STAT_H
| # include <sys/stat.h>
| #endif
| #ifdef STDC_HEADERS
| # include <stdlib.h>
| # include <stddef.h>
| #else
| # ifdef HAVE_STDLIB_H
| #  include <stdlib.h>
| # endif
| #endif
| #ifdef HAVE_STRING_H
| # if !defined STDC_HEADERS && defined HAVE_MEMORY_H
| #  include <memory.h>
| # endif
| # include <string.h>
| #endif
| #ifdef HAVE_STRINGS_H
| # include <strings.h>
| #endif
| #ifdef HAVE_INTTYPES_H
| # include <inttypes.h>
| #endif
| #ifdef HAVE_STDINT_H
| # include <stdint.h>
| #endif
| #ifdef HAVE_UNISTD_H
| # include <unistd.h>
| #endif
| int
| main ()
| {
| struct stat sbuf;
|      /* Linux will dereference the symlink and fail.
| 	That is better in the sense that it means we will not
| 	have to compile and use the lstat wrapper.  */
|      return lstat ("conftest.sym/", &sbuf) == 0;
|   ;
|   return 0;
| }
configure:22055: result: no
configure:22074: checking whether stat accepts an empty string
configure:22104: gcc -o conftest -g -O2   conftest.c  >&5
configure:22107: $? = 0
configure:22113: ./conftest
configure:22116: $? = 0
configure:22132: result: no
configure:22148: checking for working strtod
configure:22199: gcc -o conftest -g -O2   conftest.c  >&5
configure:22202: $? = 0
configure:22208: ./conftest
configure:22211: $? = 0
configure:22227: result: yes
configure:22395: checking for vprintf
configure:22451: gcc -o conftest -g -O2   conftest.c  >&5
conftest.c:56: warning: conflicting types for built-in function 'vprintf'
configure:22457: $? = 0
configure:22475: result: yes
configure:22482: checking for _doprnt
configure:22538: gcc -o conftest -g -O2   conftest.c  >&5
/var/tmp//ccynP2s6.o(.text+0x7): In function `main':
/www/sites/imagewiki/sift/src/conftest.c:68: undefined reference to `_doprnt'
configure:22544: $? = 1
configure: failed program was:
| /* confdefs.h.  */
| #define PACKAGE_NAME "FULL-PACKAGE-NAME"
| #define PACKAGE_TARNAME "full-package-name"
| #define PACKAGE_VERSION "VERSION"
| #define PACKAGE_STRING "FULL-PACKAGE-NAME VERSION"
| #define PACKAGE_BUGREPORT "BUG-REPORT-ADDRESS"
| #define PACKAGE "sift"
| #define VERSION "1.0"
| #define STDC_HEADERS 1
| #define HAVE_SYS_TYPES_H 1
| #define HAVE_SYS_STAT_H 1
| #define HAVE_STDLIB_H 1
| #define HAVE_STRING_H 1
| #define HAVE_MEMORY_H 1
| #define HAVE_STRINGS_H 1
| #define HAVE_INTTYPES_H 1
| #define HAVE_STDINT_H 1
| #define HAVE_UNISTD_H 1
| #define HAVE_DLFCN_H 1
| #define HAVE_DIRENT_H 1
| #define STDC_HEADERS 1
| #define HAVE_LIMITS_H 1
| #define HAVE_STDLIB_H 1
| #define HAVE_STRING_H 1
| #define HAVE_UNISTD_H 1
| #define HAVE__BOOL 1
| #define HAVE_STDBOOL_H 1
| #define HAVE_STDLIB_H 1
| #define HAVE_MALLOC 1
| #define HAVE_STDLIB_H 1
| #define HAVE_REALLOC 1
| #define HAVE_VPRINTF 1
| /* end confdefs.h.  */
| /* Define _doprnt to an innocuous variant, in case <limits.h> declares _doprnt.
|    For example, HP-UX 11i <limits.h> declares gettimeofday.  */
| #define _doprnt innocuous__doprnt
| 
| /* System header to define __stub macros and hopefully few prototypes,
|     which can conflict with char _doprnt (); below.
|     Prefer <limits.h> to <assert.h> if __STDC__ is defined, since
|     <limits.h> exists even on freestanding compilers.  */
| 
| #ifdef __STDC__
| # include <limits.h>
| #else
| # include <assert.h>
| #endif
| 
| #undef _doprnt
| 
| /* Override any GCC internal prototype to avoid an error.
|    Use char because int might match the return type of a GCC
|    builtin and then its argument prototype would still apply.  */
| #ifdef __cplusplus
| extern "C"
| #endif
| char _doprnt ();
| /* The GNU C library defines this for functions which it implements
|     to always fail with ENOSYS.  Some functions are actually named
|     something starting with __ and the normal name is an alias.  */
| #if defined __stub__doprnt || defined __stub____doprnt
| choke me
| #endif
| 
| int
| main ()
| {
| return _doprnt ();
|   ;
|   return 0;
| }
configure:22561: result: no
configure:22584: checking for memset
configure:22640: gcc -o conftest -g -O2   conftest.c  >&5
conftest.c:57: warning: conflicting types for built-in function 'memset'
configure:22646: $? = 0
configure:22664: result: yes
configure:22584: checking for pow
configure:22640: gcc -o conftest -g -O2   conftest.c  >&5
conftest.c:58: warning: conflicting types for built-in function 'pow'
/var/tmp//cctNmhvK.o(.text+0x7): In function `main':
/www/sites/imagewiki/sift/src/conftest.c:69: undefined reference to `pow'
configure:22646: $? = 1
configure: failed program was:
| /* confdefs.h.  */
| #define PACKAGE_NAME "FULL-PACKAGE-NAME"
| #define PACKAGE_TARNAME "full-package-name"
| #define PACKAGE_VERSION "VERSION"
| #define PACKAGE_STRING "FULL-PACKAGE-NAME VERSION"
| #define PACKAGE_BUGREPORT "BUG-REPORT-ADDRESS"
| #define PACKAGE "sift"
| #define VERSION "1.0"
| #define STDC_HEADERS 1
| #define HAVE_SYS_TYPES_H 1
| #define HAVE_SYS_STAT_H 1
| #define HAVE_STDLIB_H 1
| #define HAVE_STRING_H 1
| #define HAVE_MEMORY_H 1
| #define HAVE_STRINGS_H 1
| #define HAVE_INTTYPES_H 1
| #define HAVE_STDINT_H 1
| #define HAVE_UNISTD_H 1
| #define HAVE_DLFCN_H 1
| #define HAVE_DIRENT_H 1
| #define STDC_HEADERS 1
| #define HAVE_LIMITS_H 1
| #define HAVE_STDLIB_H 1
| #define HAVE_STRING_H 1
| #define HAVE_UNISTD_H 1
| #define HAVE__BOOL 1
| #define HAVE_STDBOOL_H 1
| #define HAVE_STDLIB_H 1
| #define HAVE_MALLOC 1
| #define HAVE_STDLIB_H 1
| #define HAVE_REALLOC 1
| #define HAVE_VPRINTF 1
| #define HAVE_MEMSET 1
| /* end confdefs.h.  */
| /* Define pow to an innocuous variant, in case <limits.h> declares pow.
|    For example, HP-UX 11i <limits.h> declares gettimeofday.  */
| #define pow innocuous_pow
| 
| /* System header to define __stub macros and hopefully few prototypes,
|     which can conflict with char pow (); below.
|     Prefer <limits.h> to <assert.h> if __STDC__ is defined, since
|     <limits.h> exists even on freestanding compilers.  */
| 
| #ifdef __STDC__
| # include <limits.h>
| #else
| # include <assert.h>
| #endif
| 
| #undef pow
| 
| /* Override any GCC internal prototype to avoid an error.
|    Use char because int might match the return type of a GCC
|    builtin and then its argument prototype would still apply.  */
| #ifdef __cplusplus
| extern "C"
| #endif
| char pow ();
| /* The GNU C library defines this for functions which it implements
|     to always fail with ENOSYS.  Some functions are actually named
|     something starting with __ and the normal name is an alias.  */
| #if defined __stub_pow || defined __stub___pow
| choke me
| #endif
| 
| int
| main ()
| {
| return pow ();
|   ;
|   return 0;
| }
configure:22664: result: no
configure:22584: checking for sqrt
configure:22640: gcc -o conftest -g -O2   conftest.c  >&5
conftest.c:58: warning: conflicting types for built-in function 'sqrt'
/var/tmp//ccpzCcOm.o(.text+0x7): In function `main':
/www/sites/imagewiki/sift/src/conftest.c:69: undefined reference to `sqrt'
configure:22646: $? = 1
configure: failed program was:
| /* confdefs.h.  */
| #define PACKAGE_NAME "FULL-PACKAGE-NAME"
| #define PACKAGE_TARNAME "full-package-name"
| #define PACKAGE_VERSION "VERSION"
| #define PACKAGE_STRING "FULL-PACKAGE-NAME VERSION"
| #define PACKAGE_BUGREPORT "BUG-REPORT-ADDRESS"
| #define PACKAGE "sift"
| #define VERSION "1.0"
| #define STDC_HEADERS 1
| #define HAVE_SYS_TYPES_H 1
| #define HAVE_SYS_STAT_H 1
| #define HAVE_STDLIB_H 1
| #define HAVE_STRING_H 1
| #define HAVE_MEMORY_H 1
| #define HAVE_STRINGS_H 1
| #define HAVE_INTTYPES_H 1
| #define HAVE_STDINT_H 1
| #define HAVE_UNISTD_H 1
| #define HAVE_DLFCN_H 1
| #define HAVE_DIRENT_H 1
| #define STDC_HEADERS 1
| #define HAVE_LIMITS_H 1
| #define HAVE_STDLIB_H 1
| #define HAVE_STRING_H 1
| #define HAVE_UNISTD_H 1
| #define HAVE__BOOL 1
| #define HAVE_STDBOOL_H 1
| #define HAVE_STDLIB_H 1
| #define HAVE_MALLOC 1
| #define HAVE_STDLIB_H 1
| #define HAVE_REALLOC 1
| #define HAVE_VPRINTF 1
| #define HAVE_MEMSET 1
| /* end confdefs.h.  */
| /* Define sqrt to an innocuous variant, in case <limits.h> declares sqrt.
|    For example, HP-UX 11i <limits.h> declares gettimeofday.  */
| #define sqrt innocuous_sqrt
| 
| /* System header to define __stub macros and hopefully few prototypes,
|     which can conflict with char sqrt (); below.
|     Prefer <limits.h> to <assert.h> if __STDC__ is defined, since
|     <limits.h> exists even on freestanding compilers.  */
| 
| #ifdef __STDC__
| # include <limits.h>
| #else
| # include <assert.h>
| #endif
| 
| #undef sqrt
| 
| /* Override any GCC internal prototype to avoid an error.
|    Use char because int might match the return type of a GCC
|    builtin and then its argument prototype would still apply.  */
| #ifdef __cplusplus
| extern "C"
| #endif
| char sqrt ();
| /* The GNU C library defines this for functions which it implements
|     to always fail with ENOSYS.  Some functions are actually named
|     something starting with __ and the normal name is an alias.  */
| #if defined __stub_sqrt || defined __stub___sqrt
| choke me
| #endif
| 
| int
| main ()
| {
| return sqrt ();
|   ;
|   return 0;
| }
configure:22664: result: no
configure:22584: checking for strerror
configure:22640: gcc -o conftest -g -O2   conftest.c  >&5
configure:22646: $? = 0
configure:22664: result: yes
configure:22584: checking for strrchr
configure:22640: gcc -o conftest -g -O2   conftest.c  >&5
conftest.c:59: warning: conflicting types for built-in function 'strrchr'
configure:22646: $? = 0
configure:22664: result: yes
configure:22584: checking for strtol
configure:22640: gcc -o conftest -g -O2   conftest.c  >&5
configure:22646: $? = 0
configure:22664: result: yes
configure:22812: creating ./config.status

## ---------------------- ##
## Running config.status. ##
## ---------------------- ##

This file was extended by FULL-PACKAGE-NAME config.status VERSION, which was
generated by GNU Autoconf 2.61.  Invocation command line was

  CONFIG_FILES    = 
  CONFIG_HEADERS  = 
  CONFIG_LINKS    = 
  CONFIG_COMMANDS = 
  $ ./config.status 

on placedb.org

config.status:662: creating Makefile
config.status:662: creating config.h
config.status:906: config.h is unchanged
config.status:952: executing depfiles commands

## ---------------- ##
## Cache variables. ##
## ---------------- ##

ac_cv_build=x86_64-unknown-freebsd6.3
ac_cv_c_compiler_gnu=yes
ac_cv_c_const=yes
ac_cv_c_inline=inline
ac_cv_cxx_compiler_gnu=yes
ac_cv_env_CCC_set=
ac_cv_env_CCC_value=
ac_cv_env_CC_set=
ac_cv_env_CC_value=
ac_cv_env_CFLAGS_set=
ac_cv_env_CFLAGS_value=
ac_cv_env_CPPFLAGS_set=
ac_cv_env_CPPFLAGS_value=
ac_cv_env_CPP_set=
ac_cv_env_CPP_value=
ac_cv_env_CXXCPP_set=
ac_cv_env_CXXCPP_value=
ac_cv_env_CXXFLAGS_set=
ac_cv_env_CXXFLAGS_value=
ac_cv_env_CXX_set=
ac_cv_env_CXX_value=
ac_cv_env_F77_set=
ac_cv_env_F77_value=
ac_cv_env_FFLAGS_set=
ac_cv_env_FFLAGS_value=
ac_cv_env_LDFLAGS_set=
ac_cv_env_LDFLAGS_value=
ac_cv_env_LIBS_set=
ac_cv_env_LIBS_value=
ac_cv_env_build_alias_set=
ac_cv_env_build_alias_value=
ac_cv_env_host_alias_set=
ac_cv_env_host_alias_value=
ac_cv_env_target_alias_set=
ac_cv_env_target_alias_value=
ac_cv_f77_compiler_gnu=yes
ac_cv_func__doprnt=no
ac_cv_func_lstat_dereferences_slashed_symlink=no
ac_cv_func_malloc_0_nonnull=yes
ac_cv_func_memset=yes
ac_cv_func_pow=no
ac_cv_func_realloc_0_nonnull=yes
ac_cv_func_sqrt=no
ac_cv_func_stat_empty_string_bug=no
ac_cv_func_strerror=yes
ac_cv_func_strrchr=yes
ac_cv_func_strtod=yes
ac_cv_func_strtol=yes
ac_cv_func_vprintf=yes
ac_cv_header_dirent_dirent_h=yes
ac_cv_header_dlfcn_h=yes
ac_cv_header_inttypes_h=yes
ac_cv_header_limits_h=yes
ac_cv_header_memory_h=yes
ac_cv_header_stdbool_h=yes
ac_cv_header_stdc=yes
ac_cv_header_stdint_h=yes
ac_cv_header_stdlib_h=yes
ac_cv_header_string_h=yes
ac_cv_header_strings_h=yes
ac_cv_header_sys_stat_h=yes
ac_cv_header_sys_types_h=yes
ac_cv_header_unistd_h=yes
ac_cv_host=x86_64-unknown-freebsd6.3
ac_cv_lib_sift_main=no
ac_cv_objext=o
ac_cv_path_EGREP='/usr/bin/grep -E'
ac_cv_path_GREP=/usr/bin/grep
ac_cv_path_install='/usr/bin/install -c'
ac_cv_prog_AWK=gawk
ac_cv_prog_CPP='gcc -E'
ac_cv_prog_CXXCPP='g++ -E'
ac_cv_prog_ac_ct_AR=ar
ac_cv_prog_ac_ct_CC=gcc
ac_cv_prog_ac_ct_CXX=g++
ac_cv_prog_ac_ct_F77=f77
ac_cv_prog_ac_ct_RANLIB=ranlib
ac_cv_prog_ac_ct_STRIP=strip
ac_cv_prog_cc_c89=
ac_cv_prog_cc_g=yes
ac_cv_prog_cxx_g=yes
ac_cv_prog_f77_g=yes
ac_cv_prog_make_make_set=yes
ac_cv_search_opendir='none required'
ac_cv_type__Bool=yes
am_cv_CC_dependencies_compiler_type=gcc3
am_cv_CXX_dependencies_compiler_type=gcc3
lt_cv_deplibs_check_method=pass_all
lt_cv_file_magic_cmd='$MAGIC_CMD'
lt_cv_file_magic_test_file=
lt_cv_ld_reload_flag=-r
lt_cv_objdir=.libs
lt_cv_path_LD=/usr/bin/ld
lt_cv_path_LDCXX=/usr/bin/ld
lt_cv_path_NM='/usr/bin/nm -B'
lt_cv_path_SED=/usr/bin/sed
lt_cv_prog_compiler_c_o=yes
lt_cv_prog_compiler_c_o_CXX=yes
lt_cv_prog_compiler_c_o_F77=yes
lt_cv_prog_compiler_rtti_exceptions=no
lt_cv_prog_gnu_ld=yes
lt_cv_prog_gnu_ldcxx=yes
lt_cv_sys_global_symbol_pipe='sed -n -e '\''s/^.*[ 	]\([ABCDGIRSTW][ABCDGIRSTW]*\)[ 	][ 	]*\([_A-Za-z][_A-Za-z0-9]*\)$/\1 \2 \2/p'\'''
lt_cv_sys_global_symbol_to_c_name_address='sed -n -e '\''s/^: \([^ ]*\) $/  {\"\1\", (lt_ptr) 0},/p'\'' -e '\''s/^[BCDEGRST] \([^ ]*\) \([^ ]*\)$/  {"\2", (lt_ptr) \&\2},/p'\'''
lt_cv_sys_global_symbol_to_cdecl='sed -n -e '\''s/^. .* \(.*\)$/extern int \1;/p'\'''
lt_cv_sys_max_cmd_len=196608
lt_lt_cv_prog_compiler_c_o='"yes"'
lt_lt_cv_prog_compiler_c_o_CXX='"yes"'
lt_lt_cv_prog_compiler_c_o_F77='"yes"'
lt_lt_cv_sys_global_symbol_pipe='"sed -n -e '\''s/^.*[ 	]\\([ABCDGIRSTW][ABCDGIRSTW]*\\)[ 	][ 	]*\\([_A-Za-z][_A-Za-z0-9]*\\)\$/\\1 \\2 \\2/p'\''"'
lt_lt_cv_sys_global_symbol_to_c_name_address='"sed -n -e '\''s/^: \\([^ ]*\\) \$/  {\\\"\\1\\\", (lt_ptr) 0},/p'\'' -e '\''s/^[BCDEGRST] \\([^ ]*\\) \\([^ ]*\\)\$/  {\"\\2\", (lt_ptr) \\&\\2},/p'\''"'
lt_lt_cv_sys_global_symbol_to_cdecl='"sed -n -e '\''s/^. .* \\(.*\\)\$/extern int \\1;/p'\''"'

## ----------------- ##
## Output variables. ##
## ----------------- ##

ACLOCAL='${SHELL} /www/sites/imagewiki/sift/src/missing --run aclocal-1.10'
AMDEPBACKSLASH='\'
AMDEP_FALSE='#'
AMDEP_TRUE=''
AMTAR='${SHELL} /www/sites/imagewiki/sift/src/missing --run tar'
AR='ar'
AUTOCONF='${SHELL} /www/sites/imagewiki/sift/src/missing --run autoconf'
AUTOHEADER='${SHELL} /www/sites/imagewiki/sift/src/missing --run autoheader'
AUTOMAKE='${SHELL} /www/sites/imagewiki/sift/src/missing --run automake-1.10'
AWK='gawk'
CC='gcc'
CCDEPMODE='depmode=gcc3'
CFLAGS='-g -O2'
CPP='gcc -E'
CPPFLAGS=''
CXX='g++'
CXXCPP='g++ -E'
CXXDEPMODE='depmode=gcc3'
CXXFLAGS='-g -O2'
CYGPATH_W='echo'
DEFS='-DHAVE_CONFIG_H'
DEPDIR='.deps'
ECHO='echo'
ECHO_C=''
ECHO_N='-n'
ECHO_T=''
EGREP='/usr/bin/grep -E'
EXEEXT=''
F77='f77'
FFLAGS='-g -O2'
GREP='/usr/bin/grep'
INSTALL_DATA='${INSTALL} -m 644'
INSTALL_PROGRAM='${INSTALL}'
INSTALL_SCRIPT='${INSTALL}'
INSTALL_STRIP_PROGRAM='$(install_sh) -c -s'
LDFLAGS=''
LIBOBJS=' ${LIBOBJDIR}lstat$U.o'
LIBS=''
LIBTOOL='$(SHELL) $(top_builddir)/libtool'
LN_S='ln -s'
LTLIBOBJS=' ${LIBOBJDIR}lstat$U.lo'
MAKEINFO='${SHELL} /www/sites/imagewiki/sift/src/missing --run makeinfo'
OBJEXT='o'
PACKAGE='sift'
PACKAGE_BUGREPORT='BUG-REPORT-ADDRESS'
PACKAGE_NAME='FULL-PACKAGE-NAME'
PACKAGE_STRING='FULL-PACKAGE-NAME VERSION'
PACKAGE_TARNAME='full-package-name'
PACKAGE_VERSION='VERSION'
PATH_SEPARATOR=':'
POW_LIB=''
RANLIB='ranlib'
SET_MAKE=''
SHELL='/bin/bash'
STRIP='strip'
VERSION='1.0'
ac_ct_CC='gcc'
ac_ct_CXX='g++'
ac_ct_F77='f77'
am__fastdepCC_FALSE='#'
am__fastdepCC_TRUE=''
am__fastdepCXX_FALSE='#'
am__fastdepCXX_TRUE=''
am__include='include'
am__isrc=''
am__leading_dot='.'
am__quote=''
am__tar='${AMTAR} chof - "$$tardir"'
am__untar='${AMTAR} xf -'
bindir='/www/sites/imagewiki/sift/bin'
build='x86_64-unknown-freebsd6.3'
build_alias=''
build_cpu='x86_64'
build_os='freebsd6.3'
build_vendor='unknown'
datadir='${datarootdir}'
datarootdir='${prefix}/share'
docdir='${datarootdir}/doc/${PACKAGE_TARNAME}'
dvidir='${docdir}'
exec_prefix='${prefix}'
host='x86_64-unknown-freebsd6.3'
host_alias=''
host_cpu='x86_64'
host_os='freebsd6.3'
host_vendor='unknown'
htmldir='${docdir}'
includedir='${prefix}/include'
infodir='${datarootdir}/info'
install_sh='$(SHELL) /www/sites/imagewiki/sift/src/install-sh'
libdir='/www/sites/imagewiki/sift/lib'
libexecdir='${exec_prefix}/libexec'
localedir='${datarootdir}/locale'
localstatedir='${prefix}/var'
mandir='${datarootdir}/man'
mkdir_p='$(top_builddir)/./install-sh -c -d'
oldincludedir='/usr/include'
pdfdir='${docdir}'
prefix='/usr/local'
program_transform_name='s,x,x,'
psdir='${docdir}'
sbindir='${exec_prefix}/sbin'
sharedstatedir='${prefix}/com'
sysconfdir='${prefix}/etc'
target_alias=''

## ----------- ##
## confdefs.h. ##
## ----------- ##

#define PACKAGE_NAME "FULL-PACKAGE-NAME"
#define PACKAGE_TARNAME "full-package-name"
#define PACKAGE_VERSION "VERSION"
#define PACKAGE_STRING "FULL-PACKAGE-NAME VERSION"
#define PACKAGE_BUGREPORT "BUG-REPORT-ADDRESS"
#define PACKAGE "sift"
#define VERSION "1.0"
#define STDC_HEADERS 1
#define HAVE_SYS_TYPES_H 1
#define HAVE_SYS_STAT_H 1
#define HAVE_STDLIB_H 1
#define HAVE_STRING_H 1
#define HAVE_MEMORY_H 1
#define HAVE_STRINGS_H 1
#define HAVE_INTTYPES_H 1
#define HAVE_STDINT_H 1
#define HAVE_UNISTD_H 1
#define HAVE_DLFCN_H 1
#define HAVE_DIRENT_H 1
#define STDC_HEADERS 1
#define HAVE_LIMITS_H 1
#define HAVE_STDLIB_H 1
#define HAVE_STRING_H 1
#define HAVE_UNISTD_H 1
#define HAVE__BOOL 1
#define HAVE_STDBOOL_H 1
#define HAVE_STDLIB_H 1
#define HAVE_MALLOC 1
#define HAVE_STDLIB_H 1
#define HAVE_REALLOC 1
#define HAVE_VPRINTF 1
#define HAVE_MEMSET 1
#define HAVE_STRERROR 1
#define HAVE_STRRCHR 1
#define HAVE_STRTOL 1

configure: exit 0
